('KEY WORD', 'struct')
('IDENTIFIER', 'complex')
('BLOCK_START', '{')
('TYPE', 'float')
('IDENTIFIER', 'real')
('COMMA', ',')
('TYPE', 'float')
('IDENTIFIER', 'image')
('BLOCK_END', '}')
('SEMICOLON', ';')
('KEY WORD', 'typedef')
('KEY WORD', 'struct')
('IDENTIFIER', 'complex')
('IDENTIFIER', 'complex_t')
('SEMICOLON', ';')
('TYPE', 'int')
('IDENTIFIER', 'main')
('LEFT_PAREN', '(')
('TYPE', 'int')
('IDENTIFIER', 'argc')
('COMMA', ',')
('TYPE', 'char')
('ARITHMETIC_OP', '*')
('ARITHMETIC_OP', '*')
('IDENTIFIER', 'argv')
('RIGHT_PAREN', ')')
('BLOCK_START', '{')
('IDENTIFIER', 'complex_t')
('IDENTIFIER', 'cs')
('LEFT_SQBRAC', '[')
('IDENTIFIER', 'N')
('RIGHT_SQBRAC', ']')
('SEMICOLON', ';')
('TYPE', 'int')
('IDENTIFIER', 'i')
('SEMICOLON', ';')
('KEY WORD', 'for')
('LEFT_PAREN', '(')
('IDENTIFIER', 'i')
('ASSIGN_OP', '=')
('INTEGER', '0')
('SEMICOLON', ';')
('IDENTIFIER', 'i')
('LOGICAL_OP', '<')
('IDENTIFIER', 'N')
('SEMICOLON', ';')
('IDENTIFIER', 'i')
('ARITHMETIC_OP', '+')
('ARITHMETIC_OP', '+')
('RIGHT_PAREN', ')')
('BLOCK_START', '{')
('KEY WORD', 'if')
('LEFT_PAREN', '(')
('IDENTIFIER', 'i')
('ARITHMETIC_OP', '%')
('INTEGER', '2')
('LOGICAL_OP', '==')
('INTEGER', '0')
('RIGHT_PAREN', ')')
('BLOCK_START', '{')
('IDENTIFIER', 'cs')
('LEFT_SQBRAC', '[')
('IDENTIFIER', 'i')
('RIGHT_SQBRAC', ']')
('DOT', '.')
('IDENTIFIER', 'real')
('ASSIGN_OP', '=')
('IDENTIFIER', 'i')
('SEMICOLON', ';')
('IDENTIFIER', 'cs')
('LEFT_SQBRAC', '[')
('IDENTIFIER', 'i')
('RIGHT_SQBRAC', ']')
('DOT', '.')
('IDENTIFIER', 'image')
('ASSIGN_OP', '=')
('IDENTIFIER', 'i')
('ARITHMETIC_OP', '+')
('INTEGER', '1')
('SEMICOLON', ';')
('BLOCK_END', '}')
('KEY WORD', 'else')
('BLOCK_START', '{')
('IDENTIFIER', 'cs')
('LEFT_SQBRAC', '[')
('IDENTIFIER', 'i')
('RIGHT_SQBRAC', ']')
('DOT', '.')
('IDENTIFIER', 'image')
('ASSIGN_OP', '=')
('IDENTIFIER', 'i')
('SEMICOLON', ';')
('IDENTIFIER', 'cs')
('LEFT_SQBRAC', '[')
('IDENTIFIER', 'i')
('RIGHT_SQBRAC', ']')
('DOT', '.')
('IDENTIFIER', 'real')
('ASSIGN_OP', '=')
('IDENTIFIER', 'i')
('ARITHMETIC_OP', '+')
('INTEGER', '1')
('SEMICOLON', ';')
('BLOCK_END', '}')
('BLOCK_END', '}')
('BLOCK_END', '}')
